빌드 시작: 2018-01-30 오전 3:16:09
     1>2 노드의 "C:\Users\xorbs\OneDrive\바탕 화면\Mini City Of Tank\ConsoleApplication1\ConsoleApplication1.vcxproj" 프로젝트(Build 대상)입니다.
     1>C:\Program Files (x86)\MSBuild\Microsoft.Cpp\v4.0\V120\Microsoft.CppBuild.targets(381,5): warning MSB8028: The intermediate directory (Debug\) contains files shared from another project (ConsoleApplication1.vcxproj).  This can lead to incorrect clean and rebuild behavior.
     1>ClCompile:
         C:\Program Files (x86)\Microsoft Visual Studio 12.0\VC\bin\CL.exe /c /ZI /nologo /W3 /WX- /sdl /Od /Oy- /D WIN32 /D _DEBUG /D _CONSOLE /D _LIB /D _UNICODE /D UNICODE /Gm /EHsc /RTC1 /MDd /GS /fp:precise /Zc:wchar_t /Zc:forScope /Fo"Debug\\" /Fd"Debug\vc120.pdb" /Gd /TP /analyze- /errorReport:prompt "소스.cpp"
         소스.cpp
     1>c:\users\xorbs\onedrive\바탕 화면\mini city of tank\consoleapplication1\tank.h(1): error C2011: 'Tank' : 'struct' 형식 재정의
                 c:\users\xorbs\onedrive\바탕 화면\mini city of tank\consoleapplication1\tank.h(1) : 'Tank' 선언을 참조하십시오.
     1>c:\users\xorbs\onedrive\바탕 화면\mini city of tank\consoleapplication1\item.h(1): error C2011: 'Item' : 'struct' 형식 재정의
                 c:\users\xorbs\onedrive\바탕 화면\mini city of tank\consoleapplication1\item.h(1) : 'Item' 선언을 참조하십시오.
     1>c:\users\xorbs\onedrive\바탕 화면\mini city of tank\consoleapplication1\missile.h(1): error C2011: 'Missile' : 'struct' 형식 재정의
                 c:\users\xorbs\onedrive\바탕 화면\mini city of tank\consoleapplication1\missile.h(1) : 'Missile' 선언을 참조하십시오.
     1>c:\users\xorbs\onedrive\바탕 화면\mini city of tank\consoleapplication1\structure.h(1): error C2011: 'Structure' : 'struct' 형식 재정의
                 c:\users\xorbs\onedrive\바탕 화면\mini city of tank\consoleapplication1\structure.h(1) : 'Structure' 선언을 참조하십시오.
     1>c:\users\xorbs\onedrive\바탕 화면\mini city of tank\consoleapplication1\collide.h(16): error C2079: 'player1'은(는) 정의되지 않은 struct 'Tank'을(를) 사용합니다.
     1>c:\users\xorbs\onedrive\바탕 화면\mini city of tank\consoleapplication1\collide.h(16): error C2079: 'player2'은(는) 정의되지 않은 struct 'Tank'을(를) 사용합니다.
     1>c:\users\xorbs\onedrive\바탕 화면\mini city of tank\consoleapplication1\collide.h(19): error C2027: 정의되지 않은 형식 'Tank'을(를) 사용했습니다.
                 c:\users\xorbs\onedrive\바탕 화면\mini city of tank\consoleapplication1\tank.h(1) : 'Tank' 선언을 참조하십시오.
     1>c:\users\xorbs\onedrive\바탕 화면\mini city of tank\consoleapplication1\collide.h(19): error C2228: '.x' 왼쪽에는 클래스/구조체/공용 구조체가 있어야 합니다.
                 c:\users\xorbs\onedrive\바탕 화면\mini city of tank\consoleapplication1\tank.h(1) : 'Tank' 선언을 참조하십시오.
     1>c:\users\xorbs\onedrive\바탕 화면\mini city of tank\consoleapplication1\collide.h(21): error C2027: 정의되지 않은 형식 'Tank'을(를) 사용했습니다.
                 c:\users\xorbs\onedrive\바탕 화면\mini city of tank\consoleapplication1\tank.h(1) : 'Tank' 선언을 참조하십시오.
     1>c:\users\xorbs\onedrive\바탕 화면\mini city of tank\consoleapplication1\collide.h(21): error C2228: '.z' 왼쪽에는 클래스/구조체/공용 구조체가 있어야 합니다.
                 c:\users\xorbs\onedrive\바탕 화면\mini city of tank\consoleapplication1\tank.h(1) : 'Tank' 선언을 참조하십시오.
     1>c:\users\xorbs\onedrive\바탕 화면\mini city of tank\consoleapplication1\collide.h(24): error C2027: 정의되지 않은 형식 'Structure'을(를) 사용했습니다.
                 c:\users\xorbs\onedrive\바탕 화면\mini city of tank\consoleapplication1\structure.h(1) : 'Structure' 선언을 참조하십시오.
     1>c:\users\xorbs\onedrive\바탕 화면\mini city of tank\consoleapplication1\collide.h(24): error C2228: '.x' 왼쪽에는 클래스/구조체/공용 구조체가 있어야 합니다.
     1>c:\users\xorbs\onedrive\바탕 화면\mini city of tank\consoleapplication1\collide.h(24): error C2027: 정의되지 않은 형식 'Tank'을(를) 사용했습니다.
                 c:\users\xorbs\onedrive\바탕 화면\mini city of tank\consoleapplication1\tank.h(1) : 'Tank' 선언을 참조하십시오.
                 c:\users\xorbs\onedrive\바탕 화면\mini city of tank\consoleapplication1\structure.h(1) : 'Structure' 선언을 참조하십시오.
                 c:\users\xorbs\onedrive\바탕 화면\mini city of tank\consoleapplication1\tank.h(1) : 'Tank' 선언을 참조하십시오.
                 c:\users\xorbs\onedrive\바탕 화면\mini city of tank\consoleapplication1\structure.h(1) : 'Structure' 선언을 참조하십시오.
     1>c:\users\xorbs\onedrive\바탕 화면\mini city of tank\consoleapplication1\collide.h(24): error C2228: '.z' 왼쪽에는 클래스/구조체/공용 구조체가 있어야 합니다.
                 c:\users\xorbs\onedrive\바탕 화면\mini city of tank\consoleapplication1\tank.h(1) : 'Tank' 선언을 참조하십시오.
                 c:\users\xorbs\onedrive\바탕 화면\mini city of tank\consoleapplication1\structure.h(1) : 'Structure' 선언을 참조하십시오.
                 c:\users\xorbs\onedrive\바탕 화면\mini city of tank\consoleapplication1\tank.h(1) : 'Tank' 선언을 참조하십시오.
                 c:\users\xorbs\onedrive\바탕 화면\mini city of tank\consoleapplication1\structure.h(1) : 'Structure' 선언을 참조하십시오.
     1>c:\users\xorbs\onedrive\바탕 화면\mini city of tank\consoleapplication1\collide.h(24): error C2228: '.r' 왼쪽에는 클래스/구조체/공용 구조체가 있어야 합니다.
     1>c:\users\xorbs\onedrive\바탕 화면\mini city of tank\consoleapplication1\collide.h(26): error C2027: 정의되지 않은 형식 'Structure'을(를) 사용했습니다.
                 c:\users\xorbs\onedrive\바탕 화면\mini city of tank\consoleapplication1\structure.h(1) : 'Structure' 선언을 참조하십시오.
     1>c:\users\xorbs\onedrive\바탕 화면\mini city of tank\consoleapplication1\collide.h(26): error C2228: '.x' 왼쪽에는 클래스/구조체/공용 구조체가 있어야 합니다.
     1>c:\users\xorbs\onedrive\바탕 화면\mini city of tank\consoleapplication1\collide.h(26): error C2027: 정의되지 않은 형식 'Tank'을(를) 사용했습니다.
                 c:\users\xorbs\onedrive\바탕 화면\mini city of tank\consoleapplication1\tank.h(1) : 'Tank' 선언을 참조하십시오.
                 c:\users\xorbs\onedrive\바탕 화면\mini city of tank\consoleapplication1\structure.h(1) : 'Structure' 선언을 참조하십시오.
                 c:\users\xorbs\onedrive\바탕 화면\mini city of tank\consoleapplication1\tank.h(1) : 'Tank' 선언을 참조하십시오.
                 c:\users\xorbs\onedrive\바탕 화면\mini city of tank\consoleapplication1\structure.h(1) : 'Structure' 선언을 참조하십시오.
     1>c:\users\xorbs\onedrive\바탕 화면\mini city of tank\consoleapplication1\collide.h(26): error C2228: '.z' 왼쪽에는 클래스/구조체/공용 구조체가 있어야 합니다.
                 c:\users\xorbs\onedrive\바탕 화면\mini city of tank\consoleapplication1\tank.h(1) : 'Tank' 선언을 참조하십시오.
                 c:\users\xorbs\onedrive\바탕 화면\mini city of tank\consoleapplication1\structure.h(1) : 'Structure' 선언을 참조하십시오.
                 c:\users\xorbs\onedrive\바탕 화면\mini city of tank\consoleapplication1\tank.h(1) : 'Tank' 선언을 참조하십시오.
                 c:\users\xorbs\onedrive\바탕 화면\mini city of tank\consoleapplication1\structure.h(1) : 'Structure' 선언을 참조하십시오.
     1>c:\users\xorbs\onedrive\바탕 화면\mini city of tank\consoleapplication1\collide.h(26): error C2228: '.r' 왼쪽에는 클래스/구조체/공용 구조체가 있어야 합니다.
     1>c:\users\xorbs\onedrive\바탕 화면\mini city of tank\consoleapplication1\collide.h(28): error C2027: 정의되지 않은 형식 'Structure'을(를) 사용했습니다.
                 c:\users\xorbs\onedrive\바탕 화면\mini city of tank\consoleapplication1\structure.h(1) : 'Structure' 선언을 참조하십시오.
     1>c:\users\xorbs\onedrive\바탕 화면\mini city of tank\consoleapplication1\collide.h(28): error C2228: '.x' 왼쪽에는 클래스/구조체/공용 구조체가 있어야 합니다.
     1>c:\users\xorbs\onedrive\바탕 화면\mini city of tank\consoleapplication1\collide.h(28): error C2027: 정의되지 않은 형식 'Tank'을(를) 사용했습니다.
                 c:\users\xorbs\onedrive\바탕 화면\mini city of tank\consoleapplication1\tank.h(1) : 'Tank' 선언을 참조하십시오.
                 c:\users\xorbs\onedrive\바탕 화면\mini city of tank\consoleapplication1\structure.h(1) : 'Structure' 선언을 참조하십시오.
                 c:\users\xorbs\onedrive\바탕 화면\mini city of tank\consoleapplication1\tank.h(1) : 'Tank' 선언을 참조하십시오.
                 c:\users\xorbs\onedrive\바탕 화면\mini city of tank\consoleapplication1\structure.h(1) : 'Structure' 선언을 참조하십시오.
     1>c:\users\xorbs\onedrive\바탕 화면\mini city of tank\consoleapplication1\collide.h(28): error C2228: '.z' 왼쪽에는 클래스/구조체/공용 구조체가 있어야 합니다.
                 c:\users\xorbs\onedrive\바탕 화면\mini city of tank\consoleapplication1\tank.h(1) : 'Tank' 선언을 참조하십시오.
                 c:\users\xorbs\onedrive\바탕 화면\mini city of tank\consoleapplication1\structure.h(1) : 'Structure' 선언을 참조하십시오.
                 c:\users\xorbs\onedrive\바탕 화면\mini city of tank\consoleapplication1\tank.h(1) : 'Tank' 선언을 참조하십시오.
                 c:\users\xorbs\onedrive\바탕 화면\mini city of tank\consoleapplication1\structure.h(1) : 'Structure' 선언을 참조하십시오.
     1>c:\users\xorbs\onedrive\바탕 화면\mini city of tank\consoleapplication1\collide.h(28): error C2228: '.r' 왼쪽에는 클래스/구조체/공용 구조체가 있어야 합니다.
     1>c:\users\xorbs\onedrive\바탕 화면\mini city of tank\consoleapplication1\collide.h(35): error C2027: 정의되지 않은 형식 'Missile'을(를) 사용했습니다.
                 c:\users\xorbs\onedrive\바탕 화면\mini city of tank\consoleapplication1\missile.h(1) : 'Missile' 선언을 참조하십시오.
     1>c:\users\xorbs\onedrive\바탕 화면\mini city of tank\consoleapplication1\collide.h(35): error C2228: '.y' 왼쪽에는 클래스/구조체/공용 구조체가 있어야 합니다.
     1>c:\users\xorbs\onedrive\바탕 화면\mini city of tank\consoleapplication1\collide.h(37): error C2027: 정의되지 않은 형식 'Missile'을(를) 사용했습니다.
                 c:\users\xorbs\onedrive\바탕 화면\mini city of tank\consoleapplication1\missile.h(1) : 'Missile' 선언을 참조하십시오.
     1>c:\users\xorbs\onedrive\바탕 화면\mini city of tank\consoleapplication1\collide.h(37): error C2228: '.x' 왼쪽에는 클래스/구조체/공용 구조체가 있어야 합니다.
                 c:\users\xorbs\onedrive\바탕 화면\mini city of tank\consoleapplication1\missile.h(1) : 'Missile' 선언을 참조하십시오.
     1>c:\users\xorbs\onedrive\바탕 화면\mini city of tank\consoleapplication1\collide.h(39): error C2027: 정의되지 않은 형식 'Missile'을(를) 사용했습니다.
                 c:\users\xorbs\onedrive\바탕 화면\mini city of tank\consoleapplication1\missile.h(1) : 'Missile' 선언을 참조하십시오.
     1>c:\users\xorbs\onedrive\바탕 화면\mini city of tank\consoleapplication1\collide.h(39): error C2228: '.z' 왼쪽에는 클래스/구조체/공용 구조체가 있어야 합니다.
                 c:\users\xorbs\onedrive\바탕 화면\mini city of tank\consoleapplication1\missile.h(1) : 'Missile' 선언을 참조하십시오.
     1>c:\users\xorbs\onedrive\바탕 화면\mini city of tank\consoleapplication1\collide.h(42): error C2027: 정의되지 않은 형식 'Structure'을(를) 사용했습니다.
                 c:\users\xorbs\onedrive\바탕 화면\mini city of tank\consoleapplication1\structure.h(1) : 'Structure' 선언을 참조하십시오.
     1>c:\users\xorbs\onedrive\바탕 화면\mini city of tank\consoleapplication1\collide.h(42): error C2228: '.x' 왼쪽에는 클래스/구조체/공용 구조체가 있어야 합니다.
     1>c:\users\xorbs\onedrive\바탕 화면\mini city of tank\consoleapplication1\collide.h(42): error C2027: 정의되지 않은 형식 'Missile'을(를) 사용했습니다.
                 c:\users\xorbs\onedrive\바탕 화면\mini city of tank\consoleapplication1\missile.h(1) : 'Missile' 선언을 참조하십시오.
                 c:\users\xorbs\onedrive\바탕 화면\mini city of tank\consoleapplication1\structure.h(1) : 'Structure' 선언을 참조하십시오.
                 c:\users\xorbs\onedrive\바탕 화면\mini city of tank\consoleapplication1\missile.h(1) : 'Missile' 선언을 참조하십시오.
                 c:\users\xorbs\onedrive\바탕 화면\mini city of tank\consoleapplication1\structure.h(1) : 'Structure' 선언을 참조하십시오.
     1>c:\users\xorbs\onedrive\바탕 화면\mini city of tank\consoleapplication1\collide.h(42): error C2228: '.z' 왼쪽에는 클래스/구조체/공용 구조체가 있어야 합니다.
                 c:\users\xorbs\onedrive\바탕 화면\mini city of tank\consoleapplication1\missile.h(1) : 'Missile' 선언을 참조하십시오.
                 c:\users\xorbs\onedrive\바탕 화면\mini city of tank\consoleapplication1\structure.h(1) : 'Structure' 선언을 참조하십시오.
                 c:\users\xorbs\onedrive\바탕 화면\mini city of tank\consoleapplication1\missile.h(1) : 'Missile' 선언을 참조하십시오.
                 c:\users\xorbs\onedrive\바탕 화면\mini city of tank\consoleapplication1\structure.h(1) : 'Structure' 선언을 참조하십시오.
     1>c:\users\xorbs\onedrive\바탕 화면\mini city of tank\consoleapplication1\collide.h(42): error C2228: '.r' 왼쪽에는 클래스/구조체/공용 구조체가 있어야 합니다.
                 c:\users\xorbs\onedrive\바탕 화면\mini city of tank\consoleapplication1\structure.h(1) : 'Structure' 선언을 참조하십시오.
     1>c:\users\xorbs\onedrive\바탕 화면\mini city of tank\consoleapplication1\collide.h(42): error C2228: '.height' 왼쪽에는 클래스/구조체/공용 구조체가 있어야 합니다.
                 c:\users\xorbs\onedrive\바탕 화면\mini city of tank\consoleapplication1\missile.h(1) : 'Missile' 선언을 참조하십시오.
     1>c:\users\xorbs\onedrive\바탕 화면\mini city of tank\consoleapplication1\collide.h(42): error C2228: '.y' 왼쪽에는 클래스/구조체/공용 구조체가 있어야 합니다.
     1>c:\users\xorbs\onedrive\바탕 화면\mini city of tank\consoleapplication1\collide.h(43): error C2228: '.missile' 왼쪽에는 클래스/구조체/공용 구조체가 있어야 합니다.
                 'int' 형식입니다.
     1>c:\users\xorbs\onedrive\바탕 화면\mini city of tank\consoleapplication1\collide.h(43): error C2228: '.turn' 왼쪽에는 클래스/구조체/공용 구조체가 있어야 합니다.
     1>c:\users\xorbs\onedrive\바탕 화면\mini city of tank\consoleapplication1\collide.h(43): error C2228: '.type' 왼쪽에는 클래스/구조체/공용 구조체가 있어야 합니다.
     1>c:\users\xorbs\onedrive\바탕 화면\mini city of tank\consoleapplication1\collide.h(44): error C2027: 정의되지 않은 형식 'Structure'을(를) 사용했습니다.
                 c:\users\xorbs\onedrive\바탕 화면\mini city of tank\consoleapplication1\structure.h(1) : 'Structure' 선언을 참조하십시오.
     1>c:\users\xorbs\onedrive\바탕 화면\mini city of tank\consoleapplication1\collide.h(44): error C2228: '.x' 왼쪽에는 클래스/구조체/공용 구조체가 있어야 합니다.
                 c:\users\xorbs\onedrive\바탕 화면\mini city of tank\consoleapplication1\structure.h(1) : 'Structure' 선언을 참조하십시오.
     1>c:\users\xorbs\onedrive\바탕 화면\mini city of tank\consoleapplication1\collide.h(44): error C2228: '.z' 왼쪽에는 클래스/구조체/공용 구조체가 있어야 합니다.
     1>c:\users\xorbs\onedrive\바탕 화면\mini city of tank\consoleapplication1\collide.h(45): error C2228: '.missile' 왼쪽에는 클래스/구조체/공용 구조체가 있어야 합니다.
                 'int' 형식입니다.
     1>c:\users\xorbs\onedrive\바탕 화면\mini city of tank\consoleapplication1\collide.h(45): error C2228: '.type' 왼쪽에는 클래스/구조체/공용 구조체가 있어야 합니다.
     1>c:\users\xorbs\onedrive\바탕 화면\mini city of tank\consoleapplication1\collide.h(47): error C2228: '.missile' 왼쪽에는 클래스/구조체/공용 구조체가 있어야 합니다.
                 'int' 형식입니다.
     1>c:\users\xorbs\onedrive\바탕 화면\mini city of tank\consoleapplication1\collide.h(47): error C2228: '.turn' 왼쪽에는 클래스/구조체/공용 구조체가 있어야 합니다.
     1>c:\users\xorbs\onedrive\바탕 화면\mini city of tank\consoleapplication1\collide.h(47): error C2228: '.type' 왼쪽에는 클래스/구조체/공용 구조체가 있어야 합니다.
     1>c:\users\xorbs\onedrive\바탕 화면\mini city of tank\consoleapplication1\collide.h(48): error C2228: '.missile' 왼쪽에는 클래스/구조체/공용 구조체가 있어야 합니다.
                 'int' 형식입니다.
     1>c:\users\xorbs\onedrive\바탕 화면\mini city of tank\consoleapplication1\collide.h(48): error C2228: '.type' 왼쪽에는 클래스/구조체/공용 구조체가 있어야 합니다.
     1>c:\users\xorbs\onedrive\바탕 화면\mini city of tank\consoleapplication1\collide.h(52): error C2027: 정의되지 않은 형식 'Structure'을(를) 사용했습니다.
                 c:\users\xorbs\onedrive\바탕 화면\mini city of tank\consoleapplication1\structure.h(1) : 'Structure' 선언을 참조하십시오.
     1>c:\users\xorbs\onedrive\바탕 화면\mini city of tank\consoleapplication1\collide.h(52): error C2228: '.x' 왼쪽에는 클래스/구조체/공용 구조체가 있어야 합니다.
     1>c:\users\xorbs\onedrive\바탕 화면\mini city of tank\consoleapplication1\collide.h(52): error C2027: 정의되지 않은 형식 'Missile'을(를) 사용했습니다.
                 c:\users\xorbs\onedrive\바탕 화면\mini city of tank\consoleapplication1\missile.h(1) : 'Missile' 선언을 참조하십시오.
                 c:\users\xorbs\onedrive\바탕 화면\mini city of tank\consoleapplication1\structure.h(1) : 'Structure' 선언을 참조하십시오.
                 c:\users\xorbs\onedrive\바탕 화면\mini city of tank\consoleapplication1\missile.h(1) : 'Missile' 선언을 참조하십시오.
                 c:\users\xorbs\onedrive\바탕 화면\mini city of tank\consoleapplication1\structure.h(1) : 'Structure' 선언을 참조하십시오.
     1>c:\users\xorbs\onedrive\바탕 화면\mini city of tank\consoleapplication1\collide.h(52): error C2228: '.z' 왼쪽에는 클래스/구조체/공용 구조체가 있어야 합니다.
                 c:\users\xorbs\onedrive\바탕 화면\mini city of tank\consoleapplication1\missile.h(1) : 'Missile' 선언을 참조하십시오.
                 c:\users\xorbs\onedrive\바탕 화면\mini city of tank\consoleapplication1\structure.h(1) : 'Structure' 선언을 참조하십시오.
                 c:\users\xorbs\onedrive\바탕 화면\mini city of tank\consoleapplication1\missile.h(1) : 'Missile' 선언을 참조하십시오.
                 c:\users\xorbs\onedrive\바탕 화면\mini city of tank\consoleapplication1\structure.h(1) : 'Structure' 선언을 참조하십시오.
     1>c:\users\xorbs\onedrive\바탕 화면\mini city of tank\consoleapplication1\collide.h(52): error C2228: '.r' 왼쪽에는 클래스/구조체/공용 구조체가 있어야 합니다.
                 c:\users\xorbs\onedrive\바탕 화면\mini city of tank\consoleapplication1\structure.h(1) : 'Structure' 선언을 참조하십시오.
     1>c:\users\xorbs\onedrive\바탕 화면\mini city of tank\consoleapplication1\collide.h(52): error C2228: '.height' 왼쪽에는 클래스/구조체/공용 구조체가 있어야 합니다.
                 c:\users\xorbs\onedrive\바탕 화면\mini city of tank\consoleapplication1\missile.h(1) : 'Missile' 선언을 참조하십시오.
     1>c:\users\xorbs\onedrive\바탕 화면\mini city of tank\consoleapplication1\collide.h(52): error C2228: '.y' 왼쪽에는 클래스/구조체/공용 구조체가 있어야 합니다.
     1>c:\users\xorbs\onedrive\바탕 화면\mini city of tank\consoleapplication1\collide.h(53): error C2228: '.missile' 왼쪽에는 클래스/구조체/공용 구조체가 있어야 합니다.
                 'int' 형식입니다.
     1>c:\users\xorbs\onedrive\바탕 화면\mini city of tank\consoleapplication1\collide.h(53): error C2228: '.turn' 왼쪽에는 클래스/구조체/공용 구조체가 있어야 합니다.
     1>c:\users\xorbs\onedrive\바탕 화면\mini city of tank\consoleapplication1\collide.h(53): error C2228: '.type' 왼쪽에는 클래스/구조체/공용 구조체가 있어야 합니다.
     1>c:\users\xorbs\onedrive\바탕 화면\mini city of tank\consoleapplication1\collide.h(54): error C2027: 정의되지 않은 형식 'Structure'을(를) 사용했습니다.
                 c:\users\xorbs\onedrive\바탕 화면\mini city of tank\consoleapplication1\structure.h(1) : 'Structure' 선언을 참조하십시오.
     1>c:\users\xorbs\onedrive\바탕 화면\mini city of tank\consoleapplication1\collide.h(54): error C2228: '.x' 왼쪽에는 클래스/구조체/공용 구조체가 있어야 합니다.
                 c:\users\xorbs\onedrive\바탕 화면\mini city of tank\consoleapplication1\structure.h(1) : 'Structure' 선언을 참조하십시오.
     1>c:\users\xorbs\onedrive\바탕 화면\mini city of tank\consoleapplication1\collide.h(54): error C2228: '.z' 왼쪽에는 클래스/구조체/공용 구조체가 있어야 합니다.
     1>c:\users\xorbs\onedrive\바탕 화면\mini city of tank\consoleapplication1\collide.h(55): error C2228: '.missile' 왼쪽에는 클래스/구조체/공용 구조체가 있어야 합니다.
                 'int' 형식입니다.
     1>c:\users\xorbs\onedrive\바탕 화면\mini city of tank\consoleapplication1\collide.h(55): error C2228: '.type' 왼쪽에는 클래스/구조체/공용 구조체가 있어야 합니다.
     1>c:\users\xorbs\onedrive\바탕 화면\mini city of tank\consoleapplication1\collide.h(57): error C2228: '.missile' 왼쪽에는 클래스/구조체/공용 구조체가 있어야 합니다.
                 'int' 형식입니다.
     1>c:\users\xorbs\onedrive\바탕 화면\mini city of tank\consoleapplication1\collide.h(57): error C2228: '.turn' 왼쪽에는 클래스/구조체/공용 구조체가 있어야 합니다.
     1>c:\users\xorbs\onedrive\바탕 화면\mini city of tank\consoleapplication1\collide.h(57): error C2228: '.type' 왼쪽에는 클래스/구조체/공용 구조체가 있어야 합니다.
     1>c:\users\xorbs\onedrive\바탕 화면\mini city of tank\consoleapplication1\collide.h(58): error C2228: '.missile' 왼쪽에는 클래스/구조체/공용 구조체가 있어야 합니다.
                 'int' 형식입니다.
     1>c:\users\xorbs\onedrive\바탕 화면\mini city of tank\consoleapplication1\collide.h(58): error C2228: '.type' 왼쪽에는 클래스/구조체/공용 구조체가 있어야 합니다.
     1>c:\users\xorbs\onedrive\바탕 화면\mini city of tank\consoleapplication1\collide.h(62): error C2027: 정의되지 않은 형식 'Structure'을(를) 사용했습니다.
                 c:\users\xorbs\onedrive\바탕 화면\mini city of tank\consoleapplication1\structure.h(1) : 'Structure' 선언을 참조하십시오.
     1>c:\users\xorbs\onedrive\바탕 화면\mini city of tank\consoleapplication1\collide.h(62): error C2228: '.x' 왼쪽에는 클래스/구조체/공용 구조체가 있어야 합니다.
     1>c:\users\xorbs\onedrive\바탕 화면\mini city of tank\consoleapplication1\collide.h(62): error C2027: 정의되지 않은 형식 'Missile'을(를) 사용했습니다.
                 c:\users\xorbs\onedrive\바탕 화면\mini city of tank\consoleapplication1\missile.h(1) : 'Missile' 선언을 참조하십시오.
                 c:\users\xorbs\onedrive\바탕 화면\mini city of tank\consoleapplication1\structure.h(1) : 'Structure' 선언을 참조하십시오.
                 c:\users\xorbs\onedrive\바탕 화면\mini city of tank\consoleapplication1\missile.h(1) : 'Missile' 선언을 참조하십시오.
                 c:\users\xorbs\onedrive\바탕 화면\mini city of tank\consoleapplication1\structure.h(1) : 'Structure' 선언을 참조하십시오.
     1>c:\users\xorbs\onedrive\바탕 화면\mini city of tank\consoleapplication1\collide.h(62): error C2228: '.z' 왼쪽에는 클래스/구조체/공용 구조체가 있어야 합니다.
                 c:\users\xorbs\onedrive\바탕 화면\mini city of tank\consoleapplication1\missile.h(1) : 'Missile' 선언을 참조하십시오.
                 c:\users\xorbs\onedrive\바탕 화면\mini city of tank\consoleapplication1\structure.h(1) : 'Structure' 선언을 참조하십시오.
                 c:\users\xorbs\onedrive\바탕 화면\mini city of tank\consoleapplication1\missile.h(1) : 'Missile' 선언을 참조하십시오.
                 c:\users\xorbs\onedrive\바탕 화면\mini city of tank\consoleapplication1\structure.h(1) : 'Structure' 선언을 참조하십시오.
     1>c:\users\xorbs\onedrive\바탕 화면\mini city of tank\consoleapplication1\collide.h(62): error C2228: '.r' 왼쪽에는 클래스/구조체/공용 구조체가 있어야 합니다.
                 c:\users\xorbs\onedrive\바탕 화면\mini city of tank\consoleapplication1\structure.h(1) : 'Structure' 선언을 참조하십시오.
     1>c:\users\xorbs\onedrive\바탕 화면\mini city of tank\consoleapplication1\collide.h(62): error C2228: '.height' 왼쪽에는 클래스/구조체/공용 구조체가 있어야 합니다.
                 c:\users\xorbs\onedrive\바탕 화면\mini city of tank\consoleapplication1\missile.h(1) : 'Missile' 선언을 참조하십시오.
     1>c:\users\xorbs\onedrive\바탕 화면\mini city of tank\consoleapplication1\collide.h(62): error C2228: '.y' 왼쪽에는 클래스/구조체/공용 구조체가 있어야 합니다.
     1>c:\users\xorbs\onedrive\바탕 화면\mini city of tank\consoleapplication1\collide.h(63): error C2228: '.missile' 왼쪽에는 클래스/구조체/공용 구조체가 있어야 합니다.
                 'int' 형식입니다.
     1>c:\users\xorbs\onedrive\바탕 화면\mini city of tank\consoleapplication1\collide.h(63): error C2228: '.turn' 왼쪽에는 클래스/구조체/공용 구조체가 있어야 합니다.
     1>c:\users\xorbs\onedrive\바탕 화면\mini city of tank\consoleapplication1\collide.h(63): error C2228: '.type' 왼쪽에는 클래스/구조체/공용 구조체가 있어야 합니다.
     1>c:\users\xorbs\onedrive\바탕 화면\mini city of tank\consoleapplication1\collide.h(64): error C2027: 정의되지 않은 형식 'Structure'을(를) 사용했습니다.
                 c:\users\xorbs\onedrive\바탕 화면\mini city of tank\consoleapplication1\structure.h(1) : 'Structure' 선언을 참조하십시오.
     1>c:\users\xorbs\onedrive\바탕 화면\mini city of tank\consoleapplication1\collide.h(64): error C2228: '.x' 왼쪽에는 클래스/구조체/공용 구조체가 있어야 합니다.
                 c:\users\xorbs\onedrive\바탕 화면\mini city of tank\consoleapplication1\structure.h(1) : 'Structure' 선언을 참조하십시오.
     1>c:\users\xorbs\onedrive\바탕 화면\mini city of tank\consoleapplication1\collide.h(64): error C2228: '.z' 왼쪽에는 클래스/구조체/공용 구조체가 있어야 합니다.
     1>c:\users\xorbs\onedrive\바탕 화면\mini city of tank\consoleapplication1\collide.h(65): error C2228: '.missile' 왼쪽에는 클래스/구조체/공용 구조체가 있어야 합니다.
                 'int' 형식입니다.
     1>c:\users\xorbs\onedrive\바탕 화면\mini city of tank\consoleapplication1\collide.h(65): error C2228: '.type' 왼쪽에는 클래스/구조체/공용 구조체가 있어야 합니다.
     1>c:\users\xorbs\onedrive\바탕 화면\mini city of tank\consoleapplication1\collide.h(67): error C2228: '.missile' 왼쪽에는 클래스/구조체/공용 구조체가 있어야 합니다.
                 'int' 형식입니다.
     1>c:\users\xorbs\onedrive\바탕 화면\mini city of tank\consoleapplication1\collide.h(67): error C2228: '.turn' 왼쪽에는 클래스/구조체/공용 구조체가 있어야 합니다.
     1>c:\users\xorbs\onedrive\바탕 화면\mini city of tank\consoleapplication1\collide.h(67): error C2228: '.type' 왼쪽에는 클래스/구조체/공용 구조체가 있어야 합니다.
     1>c:\users\xorbs\onedrive\바탕 화면\mini city of tank\consoleapplication1\collide.h(68): error C2228: '.missile' 왼쪽에는 클래스/구조체/공용 구조체가 있어야 합니다.
                 'int' 형식입니다.
     1>c:\users\xorbs\onedrive\바탕 화면\mini city of tank\consoleapplication1\collide.h(68): error C2228: '.type' 왼쪽에는 클래스/구조체/공용 구조체가 있어야 합니다.
     1>c:\users\xorbs\onedrive\바탕 화면\mini city of tank\consoleapplication1\collide.h(74): error C2027: 정의되지 않은 형식 'Item'을(를) 사용했습니다.
                 c:\users\xorbs\onedrive\바탕 화면\mini city of tank\consoleapplication1\item.h(1) : 'Item' 선언을 참조하십시오.
     1>c:\users\xorbs\onedrive\바탕 화면\mini city of tank\consoleapplication1\collide.h(74): error C2228: '.x' 왼쪽에는 클래스/구조체/공용 구조체가 있어야 합니다.
     1>c:\users\xorbs\onedrive\바탕 화면\mini city of tank\consoleapplication1\collide.h(74): error C2027: 정의되지 않은 형식 'Missile'을(를) 사용했습니다.
                 c:\users\xorbs\onedrive\바탕 화면\mini city of tank\consoleapplication1\missile.h(1) : 'Missile' 선언을 참조하십시오.
                 c:\users\xorbs\onedrive\바탕 화면\mini city of tank\consoleapplication1\item.h(1) : 'Item' 선언을 참조하십시오.
                 c:\users\xorbs\onedrive\바탕 화면\mini city of tank\consoleapplication1\missile.h(1) : 'Missile' 선언을 참조하십시오.
                 c:\users\xorbs\onedrive\바탕 화면\mini city of tank\consoleapplication1\item.h(1) : 'Item' 선언을 참조하십시오.
     1>c:\users\xorbs\onedrive\바탕 화면\mini city of tank\consoleapplication1\collide.h(74): error C2228: '.z' 왼쪽에는 클래스/구조체/공용 구조체가 있어야 합니다.
                 c:\users\xorbs\onedrive\바탕 화면\mini city of tank\consoleapplication1\missile.h(1) : 'Missile' 선언을 참조하십시오.
                 c:\users\xorbs\onedrive\바탕 화면\mini city of tank\consoleapplication1\item.h(1) : 'Item' 선언을 참조하십시오.
                 c:\users\xorbs\onedrive\바탕 화면\mini city of tank\consoleapplication1\missile.h(1) : 'Missile' 선언을 참조하십시오.
                 c:\users\xorbs\onedrive\바탕 화면\mini city of tank\consoleapplication1\item.h(1) : 'Item' 선언을 참조하십시오.
     1>c:\users\xorbs\onedrive\바탕 화면\mini city of tank\consoleapplication1\collide.h(74): error C2228: '.r' 왼쪽에는 클래스/구조체/공용 구조체가 있어야 합니다.
                 c:\users\xorbs\onedrive\바탕 화면\mini city of tank\consoleapplication1\item.h(1) : 'Item' 선언을 참조하십시오.
     1>c:\users\xorbs\onedrive\바탕 화면\mini city of tank\consoleapplication1\collide.h(74): error C2228: '.y' 왼쪽에는 클래스/구조체/공용 구조체가 있어야 합니다.
                 c:\users\xorbs\onedrive\바탕 화면\mini city of tank\consoleapplication1\missile.h(1) : 'Missile' 선언을 참조하십시오.
                 c:\users\xorbs\onedrive\바탕 화면\mini city of tank\consoleapplication1\missile.h(1) : 'Missile' 선언을 참조하십시오.
                 c:\users\xorbs\onedrive\바탕 화면\mini city of tank\consoleapplication1\item.h(1) : 'Item' 선언을 참조하십시오.
                 c:\users\xorbs\onedrive\바탕 화면\mini city of tank\consoleapplication1\item.h(1) : 'Item' 선언을 참조하십시오.
     1>c:\users\xorbs\onedrive\바탕 화면\mini city of tank\consoleapplication1\collide.h(74): error C2228: '.height' 왼쪽에는 클래스/구조체/공용 구조체가 있어야 합니다.
     1>c:\users\xorbs\onedrive\바탕 화면\mini city of tank\consoleapplication1\collide.h(75): error C2027: 정의되지 않은 형식 'Item'을(를) 사용했습니다.
                 c:\users\xorbs\onedrive\바탕 화면\mini city of tank\consoleapplication1\item.h(1) : 'Item' 선언을 참조하십시오.
     1>c:\users\xorbs\onedrive\바탕 화면\mini city of tank\consoleapplication1\collide.h(75): error C2228: '.x' 왼쪽에는 클래스/구조체/공용 구조체가 있어야 합니다.
                 c:\users\xorbs\onedrive\바탕 화면\mini city of tank\consoleapplication1\item.h(1) : 'Item' 선언을 참조하십시오.
     1>c:\users\xorbs\onedrive\바탕 화면\mini city of tank\consoleapplication1\collide.h(75): error C2228: '.z' 왼쪽에는 클래스/구조체/공용 구조체가 있어야 합니다.
     1>c:\users\xorbs\onedrive\바탕 화면\mini city of tank\consoleapplication1\collide.h(75): fatal error C1003: 오류 수가 100개를 초과했습니다. 컴파일을 중지합니다.
     1>"C:\Users\xorbs\OneDrive\바탕 화면\Mini City Of Tank\ConsoleApplication1\ConsoleApplication1.vcxproj" 프로젝트를 빌드했습니다(Build 대상). - 실패

빌드하지 못했습니다.

경과 시간: 00:00:00.42
